<?xml version="1.0" encoding="UTF-8"?>
<testsuite name="io.github.meko123456.zari.data.FileNamesTest" tests="7" skipped="0" failures="0" errors="0" timestamp="2026-09-01T16:01:48.452Z" hostname="EXT-A0EL0014.local" time="0.016">
  <properties/>
  <testcase name="characters that break filesystems are replaced" classname="io.github.meko123456.zari.data.FileNamesTest" time="0.01"/>
  <testcase name="a plus keeps its meaning in an international number" classname="io.github.meko123456.zari.data.FileNamesTest" time="0.003"/>
  <testcase name="a very long contact name is capped well inside the filesystem limit" classname="io.github.meko123456.zari.data.FileNamesTest" time="0.002"/>
  <testcase name="an unknown caller still produces a usable name" classname="io.github.meko123456.zari.data.FileNamesTest" time="0.0"/>
  <testcase name="the name carries date direction and who so the file survives without the index" classname="io.github.meko123456.zari.data.FileNamesTest" time="0.0"/>
  <testcase name="a name of nothing but punctuation does not become an empty file name" classname="io.github.meko123456.zari.data.FileNamesTest" time="0.0"/>
  <testcase name="georgian and arabic names survive because they are letters" classname="io.github.meko123456.zari.data.FileNamesTest" time="0.001"/>
  <system-out><![CDATA[]]></system-out>
  <system-err><![CDATA[]]></system-err>
</testsuite>
