<?xml version="1.0" encoding="UTF-8"?>
<testsuite name="io.github.meko123456.zari.data.RecordingIndexTest" tests="8" skipped="0" failures="0" errors="0" timestamp="2026-09-01T16:19:49.176Z" hostname="EXT-A0EL0014.local" time="0.038">
  <properties/>
  <testcase name="a caller who is not in contacts is shown by number and never as a word" classname="io.github.meko123456.zari.data.RecordingIndexTest" time="0.007"/>
  <testcase name="a silent recording is recognisable after a round trip" classname="io.github.meko123456.zari.data.RecordingIndexTest" time="0.009"/>
  <testcase name="a corrupt index costs the metadata but never throws" classname="io.github.meko123456.zari.data.RecordingIndexTest" time="0.001"/>
  <testcase name="a recording survives a round trip" classname="io.github.meko123456.zari.data.RecordingIndexTest" time="0.001"/>
  <testcase name="a withheld number round trips as null rather than as the string null" classname="io.github.meko123456.zari.data.RecordingIndexTest" time="0.004"/>
  <testcase name="a caller who is in contacts is shown by name" classname="io.github.meko123456.zari.data.RecordingIndexTest" time="0.0"/>
  <testcase name="a row missing its file name is skipped and the rest are kept" classname="io.github.meko123456.zari.data.RecordingIndexTest" time="0.011"/>
  <testcase name="an unrecognised direction degrades to unknown instead of failing the whole list" classname="io.github.meko123456.zari.data.RecordingIndexTest" time="0.002"/>
  <system-out><![CDATA[]]></system-out>
  <system-err><![CDATA[]]></system-err>
</testsuite>
