<?xml version="1.0" encoding="UTF-8"?>
<testsuite name="io.github.meko123456.zari.ui.FormatTest" tests="4" skipped="0" failures="0" errors="0" timestamp="2026-09-01T16:19:49.235Z" hostname="EXT-A0EL0014.local" time="0.014">
  <properties/>
  <testcase name="durations read the way a call log reads them" classname="io.github.meko123456.zari.ui.FormatTest" time="0.01"/>
  <testcase name="a negative duration cannot produce a nonsense string" classname="io.github.meko123456.zari.ui.FormatTest" time="0.0"/>
  <testcase name="a call just before midnight belongs to that day and not to the next" classname="io.github.meko123456.zari.ui.FormatTest" time="0.001"/>
  <testcase name="only today and yesterday are relative" classname="io.github.meko123456.zari.ui.FormatTest" time="0.003"/>
  <system-out><![CDATA[]]></system-out>
  <system-err><![CDATA[]]></system-err>
</testsuite>
